============================================================
UIDAI VISUALIZATION DASHBOARD v3
============================================================

[Loading] Master CSV files...
    Enrolment: 1,006,029 rows
    Biometric: 1,861,108 rows
    Demographic: 2,071,700 rows
    Cleaning text columns...
    Loading India shapefile...
    Loading India District shapefile...

[Processing] Aggregating data...
    Merging District Data...

============================================================
SECTION A: GEOSPATIAL MAPS
============================================================

[1] Biometric Updates Map...
    Saved: 01_bio_updates_map.png

[2] Enrolment Map...
    Saved: 02_enrolment_map.png

[3] Demographic Updates Map...
    Saved: 03_demo_updates_map.png

[4] District-Wise Biometric Map...
    Saved: 03b_district_bio_map.png

[5] District-Wise Enrolment Map...
    Saved: 03c_district_enr_map.png

[6] District-Wise Demographic Map...
    Saved: 03d_district_demo_map.png

============================================================
SECTION B: TIME-SERIES
============================================================

[7] Daily Biometric Trend...
    Saved: 04_daily_bio_trend.png

[8] Daily Enrolment Trend...
    Saved: 05_daily_enrolment.png

[9] Day-of-Week Pattern...
    Saved: 06_dayofweek_pattern.png

[10] Monthly Trend...
    Saved: 07_monthly_trend.png

============================================================
SECTION C: COMPARATIVE ANALYSIS
============================================================

[11] State Comparison...
    Saved: 08_state_comparison.png

[12] Butterfly Chart...
    Saved: 09_butterfly_chart.png

[13] Pareto Chart...
    Saved: 10_pareto_chart.png

[14] Top Districts...
    Saved: 11_top_districts.png

============================================================
SECTION D: STATISTICS
============================================================

[15] Enrolment vs Biometric Scatter...
    Saved: 12_enrol_vs_bio.png

[16] Age Distribution Pie...
    Saved: 13_age_distribution.png

[17] Child vs Adult Biometric...
    Saved: 14_child_vs_adult.png

============================================================
SECTION E: OPERATIONAL INSIGHTS
============================================================

[18] Pincode Load Density Map...
    Saved: 15_pincode_load_map.png

============================================================
✅ ALL 18 VISUALIZATIONS GENERATED!
============================================================

Output: /home/devanshu/Workspace/UIDAI/UIDAI-Hackathon/visualizations/
   1. 01_bio_updates_map.png
   2. 02_enrolment_map.png
   3. 03_demo_updates_map.png
   4. 03b_district_bio_map.png
   5. 03c_district_enr_map.png
   6. 03d_district_demo_map.png
   7. 04_daily_bio_trend.png
   8. 05_daily_enrolment.png
   9. 06_dayofweek_pattern.png
  10. 07_monthly_trend.png
  11. 08_state_comparison.png
  12. 09_butterfly_chart.png
  13. 10_pareto_chart.png
  14. 11_top_districts.png
  15. 12_enrol_vs_bio.png
  16. 13_age_distribution.png
  17. 14_child_vs_adult.png
  18. 15_pincode_load_map.png

🎉 Complete!
